<?xml version="1.0" encoding="UTF-8"?>
<!-- Generated by org.testng.reporters.JUnitReportReporter -->
<testsuite hostname="Home" failures="0" tests="1" name="com.ltimindtree.mavenproject.AppTest" time="0.008" errors="0" timestamp="2024-06-29T18:29:51 IST" skipped="0">
  <testcase classname="com.ltimindtree.mavenproject.AppTest" name="shouldAnswerWithTrue" time="0.008"/>
  <system-out/>
</testsuite> <!-- com.ltimindtree.mavenproject.AppTest -->
